#
# A fatal error has been detected by the Java Runtime Environment:
#
#  SIGSEGV (0xb) at pc=0x00000001144bccdd, pid=5749, tid=0x000000000000d60f
#
# JRE version: Java(TM) SE Runtime Environment (8.0_111-b14) (build 1.8.0_111-b14)
# Java VM: Java HotSpot(TM) 64-Bit Server VM (25.111-b14 mixed mode bsd-amd64 compressed oops)
# Problematic frame:
# C  [libawt_lwawt.dylib+0x1acdd]  OGLSD_SetScratchSurface+0x49
#
# Failed to write core dump. Core dumps have been disabled. To enable core dumping, try "ulimit -c unlimited" before starting Java again
#
# If you would like to submit a bug report, please visit:
#   http://bugreport.java.com/bugreport/crash.jsp
# The crash happened outside the Java Virtual Machine in native code.
# See problematic frame for where to report the bug.
#

---------------  T H R E A D  ---------------

Current thread (0x00007fd4d994c800):  JavaThread "Java2D Queue Flusher" daemon [_thread_in_native, id=54799, stack(0x000070000ced6000,0x000070000cfd6000)]

siginfo: si_signo: 11 (SIGSEGV), si_code: 1 (SEGV_MAPERR), si_addr: 0x0000000000000002

Registers:
RAX=0x00000000ffffffff, RBX=0x0000000000000002, RCX=0x0000000000000047, RDX=0x00000001144dd844
RSP=0x000070000cfd5810, RBP=0x000070000cfd5830, RSI=0x00007fd4ddd37270, RDI=0x00007fd4d994c9f8
R8 =0x0000000000000020, R9 =0x0000000000000000, R10=0x00000001154dbd38, R11=0x00000000d80073f7
R12=0x0000000000000000, R13=0x00000006c003a078, R14=0x00007fd4d994c9f8, R15=0x00007fd4d994c800
RIP=0x00000001144bccdd, EFLAGS=0x0000000000010202, ERR=0x0000000000000004
  TRAPNO=0x000000000000000e

Top of Stack: (sp=0x000070000cfd5810)
0x000070000cfd5810:   00007fd4ddd37270 0000000000000000
0x000070000cfd5820:   00007fd4d9944610 00007fd4d994c800
0x000070000cfd5830:   000070000cfd58b0 00000001144dd322
0x000070000cfd5840:   0000000000000064 00007fd4d8e45728
0x000070000cfd5850:   000070000cfd58b0 000000010694ea48
0x000070000cfd5860:   0000000000000005 00007fd4d994c800
0x000070000cfd5870:   00000006c003a001 00007fd4d9944620
0x000070000cfd5880:   0000700000fd5800 00007fd4d994c9f8
0x000070000cfd5890:   0000000000000000 0000000000000000
0x000070000cfd58a0:   000070000cfd5908 00007fd4d994c800
0x000070000cfd58b0:   000070000cfd5900 00000001154dbdaa
0x000070000cfd58c0:   00000006c0039fa0 000070000cfd5908
0x000070000cfd58d0:   000000015851d040 0000000000000000
0x000070000cfd58e0:   000000015851cfd0 0000000000000000
0x000070000cfd58f0:   000070000cfd5910 00000006c003a078
0x000070000cfd5900:   00000000d80073f4 0000000115c80610
0x000070000cfd5910:   00000006c0039fa0 0000000000000000
0x000070000cfd5920:   00000006c003a078 0000000000000000
0x000070000cfd5930:   00000006c003a078 000070000cfd59d0
0x000070000cfd5940:   0000000000000003 0000000000000000
0x000070000cfd5950:   000070000cfd59d0 0000000114efe7a7
0x000070000cfd5960:   00000006c0047ff0 00000006c0047ff0
0x000070000cfd5970:   0000700000001fa0 000000000000000a
0x000070000cfd5980:   00007fd4d994c800 0000000000000001
0x000070000cfd5990:   0000000114efe71f 000000011143a6b8
0x000070000cfd59a0:   000070000cfd5a68 000070000cfd5d00
0x000070000cfd59b0:   000000010000000a 000000011143a6b8
0x000070000cfd59c0:   0000000114f11120 000070000cfd5c70
0x000070000cfd59d0:   000070000cfd5b80 00000001068ecf8a
0x000070000cfd59e0:   0000700000000001 00007fd4d994c800
0x000070000cfd59f0:   00007fd4d994c800 000070000cfd5d00
0x000070000cfd5a00:   00007fd4d8e45720 0000000114f11120 

Instructions: (pc=0x00000001144bccdd)
0x00000001144bccbd:   c0 e9 82 00 00 00 48 8b 5e 10 48 85 db 75 0e bf
0x00000001144bcccd:   01 00 00 00 48 8d 15 ef 76 03 00 eb d6 49 89 fe
0x00000001144bccdd:   4c 8b 3b 30 c0 e8 83 a3 02 00 49 8b 3f 49 89 c4
0x00000001144bcced:   48 8b 35 34 f9 05 00 30 c0 e8 cb a4 02 00 48 85 

Register to memory mapping:

RAX=0x00000000ffffffff is an unknown value
RBX=0x0000000000000002 is an unknown value
RCX=0x0000000000000047 is an unknown value
RDX=0x00000001144dd844: Java_sun_java2d_opengl_OGLRenderQueue_flushBuffer+0xb5c in /Library/Internet Plug-Ins/JavaAppletPlugin.plugin/Contents/Home/lib/libawt_lwawt.dylib at 0x00000001144a2000
RSP=0x000070000cfd5810 is pointing into the stack for thread: 0x00007fd4d994c800
RBP=0x000070000cfd5830 is pointing into the stack for thread: 0x00007fd4d994c800
RSI=0x00007fd4ddd37270 is an unknown value
RDI=0x00007fd4d994c9f8 is an unknown value
R8 =0x0000000000000020 is an unknown value
R9 =0x0000000000000000 is an unknown value
R10=0x00000001154dbd38 is at entry_point+56 in (nmethod*)0x00000001154dbb90
R11=0x00000000d80073f7 is an unknown value
R12=0x0000000000000000 is an unknown value
R13=0x00000006c003a078 is an oop
sun.java2d.opengl.OGLRenderQueue$QueueFlusher 
 - klass: 'sun/java2d/opengl/OGLRenderQueue$QueueFlusher'
R14=0x00007fd4d994c9f8 is an unknown value
R15=0x00007fd4d994c800 is a thread


Stack: [0x000070000ced6000,0x000070000cfd6000],  sp=0x000070000cfd5810,  free space=1022k
Native frames: (J=compiled Java code, j=interpreted, Vv=VM code, C=native code)
C  [libawt_lwawt.dylib+0x1acdd]  OGLSD_SetScratchSurface+0x49
C  [libawt_lwawt.dylib+0x3b322]  Java_sun_java2d_opengl_OGLRenderQueue_flushBuffer+0x63a
J 2001  sun.java2d.opengl.OGLRenderQueue.flushBuffer(JI)V (0 bytes) @ 0x00000001154dbdaa [0x00000001154dbd00+0xaa]
J 5924% C2 sun.java2d.opengl.OGLRenderQueue$QueueFlusher.run()V (234 bytes) @ 0x0000000115c80610 [0x0000000115c80540+0xd0]
v  ~StubRoutines::call_stub
V  [libjvm.dylib+0x2ecf8a]
V  [libjvm.dylib+0x2ed718]
V  [libjvm.dylib+0x2ed8c4]
V  [libjvm.dylib+0x348039]
V  [libjvm.dylib+0x56a27b]
V  [libjvm.dylib+0x56b968]
V  [libjvm.dylib+0x489b0a]
C  [libsystem_pthread.dylib+0x3aab]  _pthread_body+0xb4
C  [libsystem_pthread.dylib+0x39f7]  _pthread_body+0x0
C  [libsystem_pthread.dylib+0x31fd]  thread_start+0xd
C  0x0000000000000000

Java frames: (J=compiled Java code, j=interpreted, Vv=VM code)
J 2001  sun.java2d.opengl.OGLRenderQueue.flushBuffer(JI)V (0 bytes) @ 0x00000001154dbd38 [0x00000001154dbd00+0x38]
J 5924% C2 sun.java2d.opengl.OGLRenderQueue$QueueFlusher.run()V (234 bytes) @ 0x0000000115c80610 [0x0000000115c80540+0xd0]
v  ~StubRoutines::call_stub

---------------  P R O C E S S  ---------------

Java Threads: ( => current thread )
  0x00007fd4d9438800 JavaThread "DestroyJavaVM" [_thread_blocked, id=7171, stack(0x000070000bda0000,0x000070000bea0000)]
  0x00007fd4daa40800 JavaThread "Camera Viewer Background" [_thread_in_native, id=71203, stack(0x000070000d571000,0x000070000d671000)]
  0x00007fd4daa12800 JavaThread "TimerQueue" daemon [_thread_blocked, id=70475, stack(0x000070000d46e000,0x000070000d56e000)]
  0x00007fd4d91cc000 JavaThread "NTListener" daemon [_thread_in_native, id=67439, stack(0x000070000d368000,0x000070000d3e8000)]
  0x00007fd4da1dc000 JavaThread "Timer-0" daemon [_thread_blocked, id=66871, stack(0x000070000d265000,0x000070000d365000)]
  0x00007fd4da17b000 JavaThread "Java2D Disposer" daemon [_thread_blocked, id=55059, stack(0x000070000cfd9000,0x000070000d0d9000)]
=>0x00007fd4d994c800 JavaThread "Java2D Queue Flusher" daemon [_thread_in_native, id=54799, stack(0x000070000ced6000,0x000070000cfd6000)]
  0x00007fd4da141800 JavaThread "AWT-EventQueue-0" [_thread_blocked, id=47151, stack(0x000070000cdd3000,0x000070000ced3000)]
  0x00007fd4d91c9800 JavaThread "AWT-Shutdown" [_thread_blocked, id=29727, stack(0x000070000cc4d000,0x000070000cd4d000)]
  0x00007fd4da849800 JavaThread "AppKit Thread" daemon [_thread_in_native, id=775, stack(0x00007fff596fe000,0x00007fff59efe000)]
  0x00007fd4d9809000 JavaThread "Service Thread" daemon [_thread_blocked, id=18691, stack(0x000070000c9c4000,0x000070000cac4000)]
  0x00007fd4da036000 JavaThread "C1 CompilerThread2" daemon [_thread_blocked, id=18179, stack(0x000070000c8c1000,0x000070000c9c1000)]
  0x00007fd4d9808000 JavaThread "C2 CompilerThread1" daemon [_thread_blocked, id=17667, stack(0x000070000c7be000,0x000070000c8be000)]
  0x00007fd4da81a800 JavaThread "C2 CompilerThread0" daemon [_thread_blocked, id=17155, stack(0x000070000c6bb000,0x000070000c7bb000)]
  0x00007fd4da819800 JavaThread "Signal Dispatcher" daemon [_thread_blocked, id=16643, stack(0x000070000c5b8000,0x000070000c6b8000)]
  0x00007fd4d903a800 JavaThread "Finalizer" daemon [_thread_blocked, id=12547, stack(0x000070000c4b5000,0x000070000c5b5000)]
  0x00007fd4da016800 JavaThread "Reference Handler" daemon [_thread_blocked, id=12035, stack(0x000070000c3b2000,0x000070000c4b2000)]

Other Threads:
  0x00007fd4d9034800 VMThread [stack: 0x000070000c2af000,0x000070000c3af000] [id=11523]
  0x00007fd4da036800 WatcherThread [stack: 0x000070000cac7000,0x000070000cbc7000] [id=19203]

VM state:not at safepoint (normal execution)

VM Mutex/Monitor currently owned by a thread: None

Heap:
 PSYoungGen      total 225792K, used 6887K [0x000000076ab00000, 0x00000007b2680000, 0x00000007c0000000)
  eden space 225280K, 3% used [0x000000076ab00000,0x000000076b1b9e70,0x0000000778700000)
  from space 512K, 0% used [0x00000007b2600000,0x00000007b2600000,0x00000007b2680000)
  to   space 22528K, 0% used [0x00000007afa80000,0x00000007afa80000,0x00000007b1080000)
 ParOldGen       total 89600K, used 6695K [0x00000006c0000000, 0x00000006c5780000, 0x000000076ab00000)
  object space 89600K, 7% used [0x00000006c0000000,0x00000006c0689de8,0x00000006c5780000)
 Metaspace       used 22024K, capacity 22424K, committed 22912K, reserved 1069056K
  class space    used 2976K, capacity 3085K, committed 3200K, reserved 1048576K

Card table byte_map: [0x000000010796a000,0x000000010816b000] byte_map_base: 0x000000010436a000

Marking Bits: (ParMarkBitMap*) 0x0000000106eefd20
 Begin Bits: [0x00000001086c1000, 0x000000010c6c1000)
 End Bits:   [0x000000010c6c1000, 0x00000001106c1000)

Polling page: 0x0000000105df4000

CodeCache: size=245760Kb used=14034Kb max_used=14099Kb free=231725Kb
 bounds [0x0000000114efe000, 0x0000000115cee000, 0x0000000123efe000]
 total_blobs=4726 nmethods=4087 adapters=550
 compilation: enabled

Compilation events (10 events):
Event: 14253.130 Thread 0x00007fd4da036000 5951       3       javax.swing.plaf.basic.BasicSliderUI::getPreferredSize (194 bytes)
Event: 14253.131 Thread 0x00007fd4da036000 nmethod 5951 0x0000000115ca5350 code [0x0000000115ca55a0, 0x0000000115ca63f8]
Event: 14253.132 Thread 0x00007fd4da036000 5952       3       com.apple.laf.AquaSliderUI::getPreferredHorizontalSize (13 bytes)
Event: 14253.133 Thread 0x00007fd4da036000 nmethod 5952 0x0000000115ca4dd0 code [0x0000000115ca4f40, 0x0000000115ca5210]
Event: 14253.233 Thread 0x00007fd4d9808000 5953       4       sun.java2d.pipe.DrawImage::blitSurfaceData (145 bytes)
Event: 14253.259 Thread 0x00007fd4d9808000 nmethod 5953 0x0000000115c9f290 code [0x0000000115c9f480, 0x0000000115ca04c8]
Event: 14271.359 Thread 0x00007fd4da036000 5954       3       java.net.URL::getDefaultPort (8 bytes)
Event: 14271.359 Thread 0x00007fd4da036000 nmethod 5954 0x00000001152b67d0 code [0x00000001152b6940, 0x00000001152b6b68]
Event: 14275.323 Thread 0x00007fd4da81a800 5955   !   4       sun.java2d.opengl.OGLBlitLoops::Blit (146 bytes)
Event: 14275.370 Thread 0x00007fd4da81a800 nmethod 5955 0x0000000115cd9590 code [0x0000000115cd98a0, 0x0000000115cdbc18]

GC Heap History (10 events):
Event: 9464.882 GC heap before
{Heap before GC invocations=1643 (full 2):
 PSYoungGen      total 135680K, used 135617K [0x000000076ab00000, 0x00000007b2700000, 0x00000007c0000000)
  eden space 135168K, 100% used [0x000000076ab00000,0x0000000772f00000,0x0000000772f00000)
  from space 512K, 87% used [0x00000007b2680000,0x00000007b26f0410,0x00000007b2700000)
  to   space 1024K, 0% used [0x00000007b2500000,0x00000007b2500000,0x00000007b2600000)
 ParOldGen       total 76800K, used 49824K [0x00000006c0000000, 0x00000006c4b00000, 0x000000076ab00000)
  object space 76800K, 64% used [0x00000006c0000000,0x00000006c30a8198,0x00000006c4b00000)
 Metaspace       used 21964K, capacity 22328K, committed 22528K, reserved 1069056K
  class space    used 2970K, capacity 3053K, committed 3072K, reserved 1048576K
Event: 9464.888 GC heap after
Heap after GC invocations=1643 (full 2):
 PSYoungGen      total 163328K, used 385K [0x000000076ab00000, 0x00000007b2700000, 0x00000007c0000000)
  eden space 162304K, 0% used [0x000000076ab00000,0x000000076ab00000,0x0000000774980000)
  from space 1024K, 37% used [0x00000007b2500000,0x00000007b2560410,0x00000007b2600000)
  to   space 1024K, 0% used [0x00000007b2600000,0x00000007b2600000,0x00000007b2700000)
 ParOldGen       total 76800K, used 49944K [0x00000006c0000000, 0x00000006c4b00000, 0x000000076ab00000)
  object space 76800K, 65% used [0x00000006c0000000,0x00000006c30c6198,0x00000006c4b00000)
 Metaspace       used 21964K, capacity 22328K, committed 22528K, reserved 1069056K
  class space    used 2970K, capacity 3053K, committed 3072K, reserved 1048576K
}
Event: 9472.963 GC heap before
{Heap before GC invocations=1644 (full 2):
 PSYoungGen      total 163328K, used 162689K [0x000000076ab00000, 0x00000007b2700000, 0x00000007c0000000)
  eden space 162304K, 100% used [0x000000076ab00000,0x0000000774980000,0x0000000774980000)
  from space 1024K, 37% used [0x00000007b2500000,0x00000007b2560410,0x00000007b2600000)
  to   space 1024K, 0% used [0x00000007b2600000,0x00000007b2600000,0x00000007b2700000)
 ParOldGen       total 76800K, used 49944K [0x00000006c0000000, 0x00000006c4b00000, 0x000000076ab00000)
  object space 76800K, 65% used [0x00000006c0000000,0x00000006c30c6230,0x00000006c4b00000)
 Metaspace       used 21964K, capacity 22328K, committed 22528K, reserved 1069056K
  class space    used 2970K, capacity 3053K, committed 3072K, reserved 1048576K
Event: 9472.966 GC heap after
Heap after GC invocations=1644 (full 2):
 PSYoungGen      total 196096K, used 610K [0x000000076ab00000, 0x00000007b2700000, 0x00000007c0000000)
  eden space 195072K, 0% used [0x000000076ab00000,0x000000076ab00000,0x0000000776980000)
  from space 1024K, 59% used [0x00000007b2600000,0x00000007b2698820,0x00000007b2700000)
  to   space 1024K, 0% used [0x00000007b2500000,0x00000007b2500000,0x00000007b2600000)
 ParOldGen       total 76800K, used 49960K [0x00000006c0000000, 0x00000006c4b00000, 0x000000076ab00000)
  object space 76800K, 65% used [0x00000006c0000000,0x00000006c30ca230,0x00000006c4b00000)
 Metaspace       used 21964K, capacity 22328K, committed 22528K, reserved 1069056K
  class space    used 2970K, capacity 3053K, committed 3072K, reserved 1048576K
}
Event: 9482.925 GC heap before
{Heap before GC invocations=1645 (full 2):
 PSYoungGen      total 196096K, used 195682K [0x000000076ab00000, 0x00000007b2700000, 0x00000007c0000000)
  eden space 195072K, 100% used [0x000000076ab00000,0x0000000776980000,0x0000000776980000)
  from space 1024K, 59% used [0x00000007b2600000,0x00000007b2698820,0x00000007b2700000)
  to   space 1024K, 0% used [0x00000007b2500000,0x00000007b2500000,0x00000007b2600000)
 ParOldGen       total 76800K, used 50006K [0x00000006c0000000, 0x00000006c4b00000, 0x000000076ab00000)
  object space 76800K, 65% used [0x00000006c0000000,0x00000006c30d5980,0x00000006c4b00000)
 Metaspace       used 21964K, capacity 22328K, committed 22528K, reserved 1069056K
  class space    used 2970K, capacity 3053K, committed 3072K, reserved 1048576K
Event: 9482.927 GC heap after
Heap after GC invocations=1645 (full 2):
 PSYoungGen      total 235520K, used 994K [0x000000076ab00000, 0x00000007b2680000, 0x00000007c0000000)
  eden space 234496K, 0% used [0x000000076ab00000,0x000000076ab00000,0x0000000779000000)
  from space 1024K, 97% used [0x00000007b2500000,0x00000007b25f8820,0x00000007b2600000)
  to   space 512K, 0% used [0x00000007b2600000,0x00000007b2600000,0x00000007b2680000)
 ParOldGen       total 76800K, used 50038K [0x00000006c0000000, 0x00000006c4b00000, 0x000000076ab00000)
  object space 76800K, 65% used [0x00000006c0000000,0x00000006c30dd980,0x00000006c4b00000)
 Metaspace       used 21964K, capacity 22328K, committed 22528K, reserved 1069056K
  class space    used 2970K, capacity 3053K, committed 3072K, reserved 1048576K
}
Event: 14275.845 GC heap before
{Heap before GC invocations=1646 (full 2):
 PSYoungGen      total 235520K, used 235490K [0x000000076ab00000, 0x00000007b2680000, 0x00000007c0000000)
  eden space 234496K, 100% used [0x000000076ab00000,0x0000000779000000,0x0000000779000000)
  from space 1024K, 97% used [0x00000007b2500000,0x00000007b25f8820,0x00000007b2600000)
  to   space 512K, 0% used [0x00000007b2600000,0x00000007b2600000,0x00000007b2680000)
 ParOldGen       total 76800K, used 50038K [0x00000006c0000000, 0x00000006c4b00000, 0x000000076ab00000)
  object space 76800K, 65% used [0x00000006c0000000,0x00000006c30dd980,0x00000006c4b00000)
 Metaspace       used 22022K, capacity 22424K, committed 22912K, reserved 1069056K
  class space    used 2976K, capacity 3085K, committed 3200K, reserved 1048576K
Event: 14275.861 GC heap after
Heap after GC invocations=1646 (full 2):
 PSYoungGen      total 225792K, used 495K [0x000000076ab00000, 0x00000007b2680000, 0x00000007c0000000)
  eden space 225280K, 0% used [0x000000076ab00000,0x000000076ab00000,0x0000000778700000)
  from space 512K, 96% used [0x00000007b2600000,0x00000007b267bf68,0x00000007b2680000)
  to   space 22528K, 0% used [0x00000007afa80000,0x00000007afa80000,0x00000007b1080000)
 ParOldGen       total 108544K, used 106987K [0x00000006c0000000, 0x00000006c6a00000, 0x000000076ab00000)
  object space 108544K, 98% used [0x00000006c0000000,0x00000006c687aff8,0x00000006c6a00000)
 Metaspace       used 22022K, capacity 22424K, committed 22912K, reserved 1069056K
  class space    used 2976K, capacity 3085K, committed 3200K, reserved 1048576K
}
Event: 14275.861 GC heap before
{Heap before GC invocations=1647 (full 3):
 PSYoungGen      total 225792K, used 495K [0x000000076ab00000, 0x00000007b2680000, 0x00000007c0000000)
  eden space 225280K, 0% used [0x000000076ab00000,0x000000076ab00000,0x0000000778700000)
  from space 512K, 96% used [0x00000007b2600000,0x00000007b267bf68,0x00000007b2680000)
  to   space 22528K, 0% used [0x00000007afa80000,0x00000007afa80000,0x00000007b1080000)
 ParOldGen       total 108544K, used 106987K [0x00000006c0000000, 0x00000006c6a00000, 0x000000076ab00000)
  object space 108544K, 98% used [0x00000006c0000000,0x00000006c687aff8,0x00000006c6a00000)
 Metaspace       used 22022K, capacity 22424K, committed 22912K, reserved 1069056K
  class space    used 2976K, capacity 3085K, committed 3200K, reserved 1048576K
Event: 14275.913 GC heap after
Heap after GC invocations=1647 (full 3):
 PSYoungGen      total 225792K, used 0K [0x000000076ab00000, 0x00000007b2680000, 0x00000007c0000000)
  eden space 225280K, 0% used [0x000000076ab00000,0x000000076ab00000,0x0000000778700000)
  from space 512K, 0% used [0x00000007b2600000,0x00000007b2600000,0x00000007b2680000)
  to   space 22528K, 0% used [0x00000007afa80000,0x00000007afa80000,0x00000007b1080000)
 ParOldGen       total 89600K, used 6695K [0x00000006c0000000, 0x00000006c5780000, 0x000000076ab00000)
  object space 89600K, 7% used [0x00000006c0000000,0x00000006c0689de8,0x00000006c5780000)
 Metaspace       used 22022K, capacity 22424K, committed 22912K, reserved 1069056K
  class space    used 2976K, capacity 3085K, committed 3200K, reserved 1048576K
}

Deoptimization events (10 events):
Event: 10045.727 Thread 0x00007fd4da141800 Uncommon trap: reason=unstable_if action=reinterpret pc=0x00000001157fcd08 method=sun.font.GlyphList.ensureCapacity(I)V @ 41
Event: 10045.727 Thread 0x00007fd4da141800 Uncommon trap: reason=unstable_if action=reinterpret pc=0x000000011535a458 method=sun.font.GlyphList.getInstance()Lsun/font/GlyphList; @ 3
Event: 10045.786 Thread 0x00007fd4da141800 Uncommon trap: reason=unstable_if action=reinterpret pc=0x0000000115741974 method=sun.font.GlyphList.getInstance()Lsun/font/GlyphList; @ 3
Event: 10152.504 Thread 0x00007fd4d994c800 Uncommon trap: reason=class_check action=maybe_recompile pc=0x000000011543d400 method=sun.java2d.opengl.OGLRenderQueue$QueueFlusher.run()V @ 95
Event: 13588.163 Thread 0x00007fd4da849800 Uncommon trap: reason=unstable_if action=reinterpret pc=0x00000001152fb364 method=sun.java2d.pipe.Region.contains(II)Z @ 5
Event: 14275.914 Thread 0x00007fd4daa40800 Uncommon trap: reason=null_check action=make_not_entrant pc=0x00000001159dfb70 method=sun.nio.fs.UnixPath.encode(Lsun/nio/fs/UnixFileSystem;Ljava/lang/String;)[B @ 18
Event: 14275.920 Thread 0x00007fd4da141800 Uncommon trap: reason=null_check action=make_not_entrant pc=0x0000000115b89998 method=sun.util.locale.provider.LocaleResources.getDecimalFormatSymbolsData()[Ljava/lang/Object; @ 15
Event: 14275.929 Thread 0x00007fd4da17b000 Uncommon trap: reason=speculate_class_check action=maybe_recompile pc=0x000000011596fcf8 method=java.util.Hashtable.remove(Ljava/lang/Object;)Ljava/lang/Object; @ 6
Event: 14275.930 Thread 0x00007fd4d994c800 Uncommon trap: reason=unstable_if action=reinterpret pc=0x00000001154e71b4 method=java.util.concurrent.ConcurrentHashMap.get(Ljava/lang/Object;)Ljava/lang/Object; @ 138
Event: 14275.931 Thread 0x00007fd4da17b000 Uncommon trap: reason=unstable_if action=reinterpret pc=0x000000011575f6d8 method=sun.java2d.Disposer.clearDeferredRecords()V @ 3

Internal exceptions (10 events):
Event: 13950.305 Thread 0x00007fd4daa40800 Exception <a 'java/net/UnknownHostException'> (0x000000076e63c9e0) thrown at [/Users/java_re/workspace/8-2-build-macosx-x86_64/jdk8u111/7883/hotspot/src/share/vm/prims/jni.cpp, line 709]
Event: 14026.169 Thread 0x00007fd4daa40800 Exception <a 'java/net/ConnectException'> (0x000000076e63ee18) thrown at [/Users/java_re/workspace/8-2-build-macosx-x86_64/jdk8u111/7883/hotspot/src/share/vm/prims/jni.cpp, line 709]
Event: 14031.673 Thread 0x00007fd4daa40800 Exception <a 'java/net/UnknownHostException'> (0x000000076e640910) thrown at [/Users/java_re/workspace/8-2-build-macosx-x86_64/jdk8u111/7883/hotspot/src/share/vm/prims/jni.cpp, line 709]
Event: 14107.730 Thread 0x00007fd4daa40800 Exception <a 'java/net/ConnectException'> (0x000000076e642d48) thrown at [/Users/java_re/workspace/8-2-build-macosx-x86_64/jdk8u111/7883/hotspot/src/share/vm/prims/jni.cpp, line 709]
Event: 14113.233 Thread 0x00007fd4daa40800 Exception <a 'java/net/UnknownHostException'> (0x000000076e644840) thrown at [/Users/java_re/workspace/8-2-build-macosx-x86_64/jdk8u111/7883/hotspot/src/share/vm/prims/jni.cpp, line 709]
Event: 14189.144 Thread 0x00007fd4daa40800 Exception <a 'java/net/ConnectException'> (0x000000076e646c78) thrown at [/Users/java_re/workspace/8-2-build-macosx-x86_64/jdk8u111/7883/hotspot/src/share/vm/prims/jni.cpp, line 709]
Event: 14194.651 Thread 0x00007fd4daa40800 Exception <a 'java/net/UnknownHostException'> (0x000000076e648770) thrown at [/Users/java_re/workspace/8-2-build-macosx-x86_64/jdk8u111/7883/hotspot/src/share/vm/prims/jni.cpp, line 709]
Event: 14270.854 Thread 0x00007fd4daa40800 Exception <a 'java/net/ConnectException'> (0x000000076e64aba8) thrown at [/Users/java_re/workspace/8-2-build-macosx-x86_64/jdk8u111/7883/hotspot/src/share/vm/prims/jni.cpp, line 709]
Event: 14275.914 Thread 0x00007fd4daa40800 Implicit null exception at 0x00000001159df240 to 0x00000001159dfb61
Event: 14275.920 Thread 0x00007fd4da141800 Implicit null exception at 0x0000000115b892d2 to 0x0000000115b89989

Events (10 events):
Event: 14275.931 Executing VM operation: RevokeBias done
Event: 14275.931 Executing VM operation: RevokeBias
Event: 14275.931 Executing VM operation: RevokeBias done
Event: 14275.931 Executing VM operation: RevokeBias
Event: 14275.931 Executing VM operation: RevokeBias done
Event: 14275.931 Executing VM operation: RevokeBias
Event: 14275.931 Executing VM operation: RevokeBias done
Event: 14275.931 Thread 0x00007fd4da17b000 Uncommon trap: trap_request=0xffffff65 fr.pc=0x000000011575f6d8
Event: 14275.931 Thread 0x00007fd4da17b000 DEOPT PACKING pc=0x000000011575f6d8 sp=0x000070000d0d8880
Event: 14275.931 Thread 0x00007fd4da17b000 DEOPT UNPACKING pc=0x0000000114f03229 sp=0x000070000d0d8828 mode 2


Dynamic libraries:
0x00000000422d2000 	/System/Library/Frameworks/Cocoa.framework/Versions/A/Cocoa
0x00000000422d2000 	/System/Library/Frameworks/Security.framework/Versions/A/Security
0x00000000422d2000 	/System/Library/Frameworks/ApplicationServices.framework/Versions/A/ApplicationServices
0x00000000422d2000 	/usr/lib/libz.1.dylib
0x00000000422d2000 	/usr/lib/libSystem.B.dylib
0x00000000422d2000 	/usr/lib/libobjc.A.dylib
0x00000000422d2000 	/System/Library/Frameworks/CoreFoundation.framework/Versions/A/CoreFoundation
0x00000000422d2000 	/System/Library/Frameworks/Foundation.framework/Versions/C/Foundation
0x00000000422d2000 	/System/Library/Frameworks/AppKit.framework/Versions/C/AppKit
0x00000000422d2000 	/System/Library/Frameworks/CoreData.framework/Versions/A/CoreData
0x00000000422d2000 	/System/Library/PrivateFrameworks/RemoteViewServices.framework/Versions/A/RemoteViewServices
0x00000000422d2000 	/System/Library/PrivateFrameworks/UIFoundation.framework/Versions/A/UIFoundation
0x00000000422d2000 	/System/Library/PrivateFrameworks/DFRFoundation.framework/Versions/A/DFRFoundation
0x00000000422d2000 	/usr/lib/libenergytrace.dylib
0x00000000422d2000 	/System/Library/PrivateFrameworks/SkyLight.framework/Versions/A/SkyLight
0x00000000422d2000 	/System/Library/Frameworks/CoreGraphics.framework/Versions/A/CoreGraphics
0x00000000422d2000 	/usr/lib/libScreenReader.dylib
0x00000000422d2000 	/System/Library/Frameworks/Accelerate.framework/Versions/A/Accelerate
0x00000000422d2000 	/System/Library/Frameworks/IOSurface.framework/Versions/A/IOSurface
0x00000000422d2000 	/System/Library/Frameworks/AudioToolbox.framework/Versions/A/AudioToolbox
0x00000000422d2000 	/System/Library/Frameworks/AudioUnit.framework/Versions/A/AudioUnit
0x00000000422d2000 	/System/Library/PrivateFrameworks/DataDetectorsCore.framework/Versions/A/DataDetectorsCore
0x00000000422d2000 	/System/Library/PrivateFrameworks/DesktopServicesPriv.framework/Versions/A/DesktopServicesPriv
0x00000000422d2000 	/System/Library/Frameworks/Carbon.framework/Versions/A/Frameworks/HIToolbox.framework/Versions/A/HIToolbox
0x00000000422d2000 	/usr/lib/libicucore.A.dylib
0x00000000422d2000 	/System/Library/Frameworks/QuartzCore.framework/Versions/A/QuartzCore
0x00000000422d2000 	/System/Library/Frameworks/Carbon.framework/Versions/A/Frameworks/SpeechRecognition.framework/Versions/A/SpeechRecognition
0x00000000422d2000 	/usr/lib/libauto.dylib
0x00000000422d2000 	/usr/lib/libxml2.2.dylib
0x00000000422d2000 	/System/Library/PrivateFrameworks/CoreUI.framework/Versions/A/CoreUI
0x00000000422d2000 	/System/Library/Frameworks/CoreAudio.framework/Versions/A/CoreAudio
0x00000000422d2000 	/System/Library/Frameworks/DiskArbitration.framework/Versions/A/DiskArbitration
0x00000000422d2000 	/usr/lib/liblangid.dylib
0x00000000422d2000 	/System/Library/PrivateFrameworks/MultitouchSupport.framework/Versions/A/MultitouchSupport
0x00000000422d2000 	/System/Library/Frameworks/IOKit.framework/Versions/A/IOKit
0x00000000422d2000 	/usr/lib/libDiagnosticMessagesClient.dylib
0x00000000422d2000 	/System/Library/Frameworks/CoreServices.framework/Versions/A/CoreServices
0x00000000422d2000 	/System/Library/PrivateFrameworks/PerformanceAnalysis.framework/Versions/A/PerformanceAnalysis
0x00000000422d2000 	/System/Library/PrivateFrameworks/GenerationalStorage.framework/Versions/A/GenerationalStorage
0x00000000422d2000 	/System/Library/Frameworks/OpenGL.framework/Versions/A/OpenGL
0x00000000422d2000 	/System/Library/Frameworks/CoreImage.framework/Versions/A/CoreImage
0x00000000422d2000 	/System/Library/Frameworks/CoreText.framework/Versions/A/CoreText
0x00000000422d2000 	/System/Library/Frameworks/ImageIO.framework/Versions/A/ImageIO
0x00000000422d2000 	/System/Library/PrivateFrameworks/Backup.framework/Versions/A/Backup
0x00000000422d2000 	/usr/lib/libarchive.2.dylib
0x00000000422d2000 	/System/Library/Frameworks/CFNetwork.framework/Versions/A/CFNetwork
0x00000000422d2000 	/System/Library/Frameworks/SystemConfiguration.framework/Versions/A/SystemConfiguration
0x00000000422d2000 	/usr/lib/libCRFSuite.dylib
0x00000000422d2000 	/usr/lib/libc++.1.dylib
0x00000000422d2000 	/usr/lib/libc++abi.dylib
0x00000000422d2000 	/usr/lib/system/libcache.dylib
0x00000000422d2000 	/usr/lib/system/libcommonCrypto.dylib
0x00000000422d2000 	/usr/lib/system/libcompiler_rt.dylib
0x00000000422d2000 	/usr/lib/system/libcopyfile.dylib
0x00000000422d2000 	/usr/lib/system/libcorecrypto.dylib
0x00000000422d2000 	/usr/lib/system/libdispatch.dylib
0x00000000422d2000 	/usr/lib/system/libdyld.dylib
0x00000000422d2000 	/usr/lib/system/libkeymgr.dylib
0x00000000422d2000 	/usr/lib/system/liblaunch.dylib
0x00000000422d2000 	/usr/lib/system/libmacho.dylib
0x00000000422d2000 	/usr/lib/system/libquarantine.dylib
0x00000000422d2000 	/usr/lib/system/libremovefile.dylib
0x00000000422d2000 	/usr/lib/system/libsystem_asl.dylib
0x00000000422d2000 	/usr/lib/system/libsystem_blocks.dylib
0x00000000422d2000 	/usr/lib/system/libsystem_c.dylib
0x00000000422d2000 	/usr/lib/system/libsystem_configuration.dylib
0x00000000422d2000 	/usr/lib/system/libsystem_coreservices.dylib
0x00000000422d2000 	/usr/lib/system/libsystem_coretls.dylib
0x00000000422d2000 	/usr/lib/system/libsystem_dnssd.dylib
0x00000000422d2000 	/usr/lib/system/libsystem_info.dylib
0x00000000422d2000 	/usr/lib/system/libsystem_kernel.dylib
0x00000000422d2000 	/usr/lib/system/libsystem_m.dylib
0x00000000422d2000 	/usr/lib/system/libsystem_malloc.dylib
0x00000000422d2000 	/usr/lib/system/libsystem_network.dylib
0x00000000422d2000 	/usr/lib/system/libsystem_networkextension.dylib
0x00000000422d2000 	/usr/lib/system/libsystem_notify.dylib
0x00000000422d2000 	/usr/lib/system/libsystem_platform.dylib
0x00000000422d2000 	/usr/lib/system/libsystem_pthread.dylib
0x00000000422d2000 	/usr/lib/system/libsystem_sandbox.dylib
0x00000000422d2000 	/usr/lib/system/libsystem_secinit.dylib
0x00000000422d2000 	/usr/lib/system/libsystem_symptoms.dylib
0x00000000422d2000 	/usr/lib/system/libsystem_trace.dylib
0x00000000422d2000 	/usr/lib/system/libunwind.dylib
0x00000000422d2000 	/usr/lib/system/libxpc.dylib
0x00000000422d2000 	/usr/lib/libbsm.0.dylib
0x00000000422d2000 	/usr/lib/system/libkxld.dylib
0x00000000422d2000 	/usr/lib/libcoretls.dylib
0x00000000422d2000 	/usr/lib/libcoretls_cfhelpers.dylib
0x00000000422d2000 	/usr/lib/libxar.1.dylib
0x00000000422d2000 	/usr/lib/libsqlite3.dylib
0x00000000422d2000 	/usr/lib/libpam.2.dylib
0x00000000422d2000 	/usr/lib/libOpenScriptingUtil.dylib
0x00000000422d2000 	/usr/lib/libbz2.1.0.dylib
0x00000000422d2000 	/usr/lib/liblzma.5.dylib
0x00000000422d2000 	/usr/lib/libnetwork.dylib
0x00000000422d2000 	/usr/lib/libpcap.A.dylib
0x00000000422d2000 	/System/Library/Frameworks/CoreServices.framework/Versions/A/Frameworks/FSEvents.framework/Versions/A/FSEvents
0x00000000422d2000 	/System/Library/Frameworks/CoreServices.framework/Versions/A/Frameworks/CarbonCore.framework/Versions/A/CarbonCore
0x00000000422d2000 	/System/Library/Frameworks/CoreServices.framework/Versions/A/Frameworks/Metadata.framework/Versions/A/Metadata
0x00000000422d2000 	/System/Library/Frameworks/CoreServices.framework/Versions/A/Frameworks/OSServices.framework/Versions/A/OSServices
0x00000000422d2000 	/System/Library/Frameworks/CoreServices.framework/Versions/A/Frameworks/SearchKit.framework/Versions/A/SearchKit
0x00000000422d2000 	/System/Library/Frameworks/CoreServices.framework/Versions/A/Frameworks/AE.framework/Versions/A/AE
0x00000000422d2000 	/System/Library/Frameworks/CoreServices.framework/Versions/A/Frameworks/LaunchServices.framework/Versions/A/LaunchServices
0x00000000422d2000 	/System/Library/Frameworks/CoreServices.framework/Versions/A/Frameworks/DictionaryServices.framework/Versions/A/DictionaryServices
0x00000000422d2000 	/System/Library/Frameworks/CoreServices.framework/Versions/A/Frameworks/SharedFileList.framework/Versions/A/SharedFileList
0x00000000422d2000 	/System/Library/Frameworks/NetFS.framework/Versions/A/NetFS
0x00000000422d2000 	/System/Library/PrivateFrameworks/NetAuth.framework/Versions/A/NetAuth
0x00000000422d2000 	/System/Library/PrivateFrameworks/login.framework/Versions/A/Frameworks/loginsupport.framework/Versions/A/loginsupport
0x00000000422d2000 	/System/Library/PrivateFrameworks/TCC.framework/Versions/A/TCC
0x00000000422d2000 	/usr/lib/libmecabra.dylib
0x00000000422d2000 	/System/Library/Frameworks/ApplicationServices.framework/Versions/A/Frameworks/ATS.framework/Versions/A/ATS
0x00000000422d2000 	/System/Library/Frameworks/ApplicationServices.framework/Versions/A/Frameworks/ColorSync.framework/Versions/A/ColorSync
0x00000000422d2000 	/System/Library/Frameworks/ApplicationServices.framework/Versions/A/Frameworks/HIServices.framework/Versions/A/HIServices
0x00000000422d2000 	/System/Library/Frameworks/ApplicationServices.framework/Versions/A/Frameworks/LangAnalysis.framework/Versions/A/LangAnalysis
0x00000000422d2000 	/System/Library/Frameworks/ApplicationServices.framework/Versions/A/Frameworks/PrintCore.framework/Versions/A/PrintCore
0x00000000422d2000 	/System/Library/Frameworks/ApplicationServices.framework/Versions/A/Frameworks/QD.framework/Versions/A/QD
0x00000000422d2000 	/System/Library/Frameworks/ApplicationServices.framework/Versions/A/Frameworks/SpeechSynthesis.framework/Versions/A/SpeechSynthesis
0x00000000422d2000 	/System/Library/Frameworks/Accelerate.framework/Versions/A/Frameworks/vImage.framework/Versions/A/vImage
0x00000000422d2000 	/System/Library/Frameworks/Accelerate.framework/Versions/A/Frameworks/vecLib.framework/Versions/A/vecLib
0x00000000422d2000 	/System/Library/Frameworks/Accelerate.framework/Versions/A/Frameworks/vecLib.framework/Versions/A/libvDSP.dylib
0x00000000422d2000 	/System/Library/Frameworks/Accelerate.framework/Versions/A/Frameworks/vecLib.framework/Versions/A/libBNNS.dylib
0x00000000422d2000 	/System/Library/Frameworks/Accelerate.framework/Versions/A/Frameworks/vecLib.framework/Versions/A/libQuadrature.dylib
0x00000000422d2000 	/System/Library/Frameworks/Accelerate.framework/Versions/A/Frameworks/vecLib.framework/Versions/A/libvMisc.dylib
0x00000000422d2000 	/System/Library/Frameworks/Accelerate.framework/Versions/A/Frameworks/vecLib.framework/Versions/A/libLAPACK.dylib
0x00000000422d2000 	/System/Library/Frameworks/Accelerate.framework/Versions/A/Frameworks/vecLib.framework/Versions/A/libBLAS.dylib
0x00000000422d2000 	/System/Library/Frameworks/Accelerate.framework/Versions/A/Frameworks/vecLib.framework/Versions/A/libLinearAlgebra.dylib
0x00000000422d2000 	/System/Library/Frameworks/Accelerate.framework/Versions/A/Frameworks/vecLib.framework/Versions/A/libSparseBLAS.dylib
0x00000000422d2000 	/System/Library/Frameworks/ApplicationServices.framework/Versions/A/Frameworks/ATS.framework/Versions/A/Resources/libFontParser.dylib
0x00000000422d2000 	/System/Library/Frameworks/ApplicationServices.framework/Versions/A/Frameworks/ATS.framework/Versions/A/Resources/libFontRegistry.dylib
0x00000000422d2000 	/System/Library/Frameworks/ImageIO.framework/Versions/A/Resources/libJPEG.dylib
0x00000000422d2000 	/System/Library/Frameworks/ImageIO.framework/Versions/A/Resources/libTIFF.dylib
0x00000000422d2000 	/System/Library/Frameworks/ImageIO.framework/Versions/A/Resources/libPng.dylib
0x00000000422d2000 	/System/Library/Frameworks/ImageIO.framework/Versions/A/Resources/libGIF.dylib
0x00000000422d2000 	/System/Library/Frameworks/ImageIO.framework/Versions/A/Resources/libJP2.dylib
0x00000000422d2000 	/System/Library/Frameworks/ImageIO.framework/Versions/A/Resources/libRadiance.dylib
0x00000000422d2000 	/usr/lib/libcompression.dylib
0x00000000422d2000 	/System/Library/PrivateFrameworks/AppleJPEG.framework/Versions/A/AppleJPEG
0x00000000422d2000 	/usr/lib/libcups.2.dylib
0x00000000422d2000 	/System/Library/Frameworks/Kerberos.framework/Versions/A/Kerberos
0x00000000422d2000 	/System/Library/Frameworks/GSS.framework/Versions/A/GSS
0x00000000422d2000 	/usr/lib/libresolv.9.dylib
0x00000000422d2000 	/usr/lib/libiconv.2.dylib
0x00000000422d2000 	/System/Library/PrivateFrameworks/Heimdal.framework/Versions/A/Heimdal
0x00000000422d2000 	/usr/lib/libheimdal-asn1.dylib
0x00000000422d2000 	/System/Library/Frameworks/OpenDirectory.framework/Versions/A/OpenDirectory
0x00000000422d2000 	/System/Library/PrivateFrameworks/CommonAuth.framework/Versions/A/CommonAuth
0x00000000422d2000 	/System/Library/Frameworks/OpenDirectory.framework/Versions/A/Frameworks/CFOpenDirectory.framework/Versions/A/CFOpenDirectory
0x00000000422d2000 	/System/Library/Frameworks/SecurityFoundation.framework/Versions/A/SecurityFoundation
0x00000000422d2000 	/System/Library/PrivateFrameworks/LanguageModeling.framework/Versions/A/LanguageModeling
0x00000000422d2000 	/usr/lib/libmarisa.dylib
0x00000000422d2000 	/usr/lib/libChineseTokenizer.dylib
0x00000000422d2000 	/usr/lib/libcmph.dylib
0x00000000422d2000 	/System/Library/PrivateFrameworks/CoreEmoji.framework/Versions/A/CoreEmoji
0x00000000422d2000 	/System/Library/Frameworks/ServiceManagement.framework/Versions/A/ServiceManagement
0x00000000422d2000 	/usr/lib/libxslt.1.dylib
0x00000000422d2000 	/System/Library/Frameworks/Carbon.framework/Versions/A/Frameworks/Ink.framework/Versions/A/Ink
0x00000000422d2000 	/System/Library/PrivateFrameworks/TextureIO.framework/Versions/A/TextureIO
0x00000000422d2000 	/System/Library/Frameworks/Metal.framework/Versions/A/Metal
0x00000000422d2000 	/usr/lib/libate.dylib
0x00000000422d2000 	/System/Library/PrivateFrameworks/GPUCompiler.framework/libmetal_timestamp.dylib
0x00000000422d2000 	/System/Library/Frameworks/OpenGL.framework/Versions/A/Libraries/libCoreFSCache.dylib
0x00000000422d2000 	/System/Library/PrivateFrameworks/IOAccelerator.framework/Versions/A/IOAccelerator
0x00000000422d2000 	/System/Library/Frameworks/CoreVideo.framework/Versions/A/CoreVideo
0x00000000422d2000 	/usr/lib/libFosl_dynamic.dylib
0x00000000422d2000 	/System/Library/PrivateFrameworks/MetalPerformanceShaders.framework/Versions/A/MetalPerformanceShaders
0x00000000422d2000 	/System/Library/PrivateFrameworks/FaceCore.framework/Versions/A/FaceCore
0x00000000422d2000 	/System/Library/Frameworks/OpenCL.framework/Versions/A/OpenCL
0x00000000422d2000 	/System/Library/Frameworks/OpenGL.framework/Versions/A/Libraries/libGLU.dylib
0x00000000422d2000 	/System/Library/Frameworks/OpenGL.framework/Versions/A/Libraries/libGFXShared.dylib
0x00000000422d2000 	/System/Library/Frameworks/OpenGL.framework/Versions/A/Libraries/libGL.dylib
0x00000000422d2000 	/System/Library/Frameworks/OpenGL.framework/Versions/A/Libraries/libGLImage.dylib
0x00000000422d2000 	/System/Library/Frameworks/OpenGL.framework/Versions/A/Libraries/libCVMSPluginSupport.dylib
0x00000000422d2000 	/System/Library/Frameworks/OpenGL.framework/Versions/A/Libraries/libCoreVMClient.dylib
0x00000000422d2000 	/System/Library/PrivateFrameworks/CrashReporterSupport.framework/Versions/A/CrashReporterSupport
0x00000000422d2000 	/System/Library/PrivateFrameworks/Sharing.framework/Versions/A/Sharing
0x00000000422d2000 	/System/Library/PrivateFrameworks/IconServices.framework/Versions/A/IconServices
0x00000000422d2000 	/System/Library/PrivateFrameworks/ProtocolBuffer.framework/Versions/A/ProtocolBuffer
0x00000000422d2000 	/System/Library/PrivateFrameworks/Apple80211.framework/Versions/A/Apple80211
0x00000000422d2000 	/System/Library/Frameworks/CoreWLAN.framework/Versions/A/CoreWLAN
0x00000000422d2000 	/System/Library/PrivateFrameworks/CoreUtils.framework/Versions/A/CoreUtils
0x00000000422d2000 	/System/Library/Frameworks/IOBluetooth.framework/Versions/A/IOBluetooth
0x00000000422d2000 	/System/Library/PrivateFrameworks/CoreWiFi.framework/Versions/A/CoreWiFi
0x00000000422d2000 	/System/Library/Frameworks/CoreBluetooth.framework/Versions/A/CoreBluetooth
0x00000000422d2000 	/System/Library/Frameworks/CoreDisplay.framework/Versions/A/CoreDisplay
0x00000000422d2000 	/System/Library/PrivateFrameworks/IOPresentment.framework/Versions/A/IOPresentment
0x00000000422d2000 	/System/Library/PrivateFrameworks/DebugSymbols.framework/Versions/A/DebugSymbols
0x00000000422d2000 	/System/Library/PrivateFrameworks/CoreSymbolication.framework/Versions/A/CoreSymbolication
0x00000000422d2000 	/System/Library/PrivateFrameworks/Symbolication.framework/Versions/A/Symbolication
0x00000000422d2000 	/System/Library/PrivateFrameworks/AppleFSCompression.framework/Versions/A/AppleFSCompression
0x00000000422d2000 	/System/Library/PrivateFrameworks/SpeechRecognitionCore.framework/Versions/A/SpeechRecognitionCore
0x00000000422d2000 	/System/Library/PrivateFrameworks/ChunkingLibrary.framework/Versions/A/ChunkingLibrary
0x0000000106600000 	/Library/Internet Plug-Ins/JavaAppletPlugin.plugin/Contents/Home/lib/server/libjvm.dylib
0x00000000422d2000 	/usr/lib/libstdc++.6.dylib
0x0000000105db1000 	/Library/Internet Plug-Ins/JavaAppletPlugin.plugin/Contents/Home/lib/libverify.dylib
0x0000000105dbf000 	/Library/Internet Plug-Ins/JavaAppletPlugin.plugin/Contents/Home/lib/libjava.dylib
0x00000001075a1000 	/Library/Internet Plug-Ins/JavaAppletPlugin.plugin/Contents/Home/lib/libzip.dylib
0x00000001129b8000 	/System/Library/Frameworks/JavaVM.framework/Frameworks/JavaRuntimeSupport.framework/JavaRuntimeSupport
0x00000001129d2000 	/System/Library/Frameworks/JavaVM.framework/Versions/A/Frameworks/JavaNativeFoundation.framework/Versions/A/JavaNativeFoundation
0x00000001129e7000 	/System/Library/Frameworks/JavaVM.framework/Versions/A/JavaVM
0x00000000422d2000 	/System/Library/Frameworks/Carbon.framework/Versions/A/Carbon
0x00000001129f4000 	/System/Library/PrivateFrameworks/JavaLaunching.framework/Versions/A/JavaLaunching
0x00000000422d2000 	/System/Library/Frameworks/Carbon.framework/Versions/A/Frameworks/CommonPanels.framework/Versions/A/CommonPanels
0x00000000422d2000 	/System/Library/Frameworks/Carbon.framework/Versions/A/Frameworks/Help.framework/Versions/A/Help
0x00000000422d2000 	/System/Library/Frameworks/Carbon.framework/Versions/A/Frameworks/ImageCapture.framework/Versions/A/ImageCapture
0x00000000422d2000 	/System/Library/Frameworks/Carbon.framework/Versions/A/Frameworks/OpenScripting.framework/Versions/A/OpenScripting
0x00000000422d2000 	/System/Library/Frameworks/Carbon.framework/Versions/A/Frameworks/Print.framework/Versions/A/Print
0x00000000422d2000 	/System/Library/Frameworks/Carbon.framework/Versions/A/Frameworks/SecurityHI.framework/Versions/A/SecurityHI
0x000000011432e000 	/Library/Internet Plug-Ins/JavaAppletPlugin.plugin/Contents/Home/lib/libawt.dylib
0x00000001143d6000 	/Library/Internet Plug-Ins/JavaAppletPlugin.plugin/Contents/Home/lib/./libmlib_image.dylib
0x00000001144a2000 	/Library/Internet Plug-Ins/JavaAppletPlugin.plugin/Contents/Home/lib/libawt_lwawt.dylib
0x0000000114557000 	/Library/Internet Plug-Ins/JavaAppletPlugin.plugin/Contents/Home/lib/./libosxapp.dylib
0x00000000422d2000 	/System/Library/Frameworks/ExceptionHandling.framework/Versions/A/ExceptionHandling
0x00000000422d2000 	/System/Library/PrivateFrameworks/CoreServicesInternal.framework/Versions/A/CoreServicesInternal
0x00000000422d2000 	/System/Library/CoreServices/RawCamera.bundle/Contents/MacOS/RawCamera
0x00000000422d2000 	/System/Library/Frameworks/Accelerate.framework/Versions/A/Frameworks/vImage.framework/Versions/A/Libraries/libCGInterfaces.dylib
0x00000000422d2000 	/System/Library/Frameworks/ApplicationServices.framework/Versions/A/Frameworks/ATS.framework/Versions/A/Resources/libTrueTypeScaler.dylib
0x00000000422d2000 	/System/Library/Frameworks/OpenGL.framework/Versions/A/Resources/GLEngine.bundle/GLEngine
0x00000000422d2000 	/System/Library/Frameworks/OpenGL.framework/Versions/A/Libraries/libGLProgrammability.dylib
0x0000000125313000 	/System/Library/Extensions/AppleIntelHD5000GraphicsGLDriver.bundle/Contents/MacOS/AppleIntelHD5000GraphicsGLDriver
0x00000000422d2000 	/System/Library/PrivateFrameworks/GPUSupport.framework/Versions/A/Libraries/libGPUSupportMercury.dylib
0x00000000422d2000 	/System/Library/Frameworks/OpenGL.framework/Versions/A/Resources/GLRendererFloat.bundle/GLRendererFloat
0x00000000422d2000 	/System/Library/Frameworks/OpenCL.framework/Versions/A/Libraries/libcldcpuengine.dylib
0x00000000422d2000 	/usr/lib/libcrypto.0.9.8.dylib
0x00000000422d2000 	/System/Library/PrivateFrameworks/TrustEvaluationAgent.framework/Versions/A/TrustEvaluationAgent
0x0000000125a72000 	/System/Library/Extensions/AppleIntelHD5000GraphicsMTLDriver.bundle/Contents/MacOS/AppleIntelHD5000GraphicsMTLDriver
0x00000000422d2000 	/System/Library/PrivateFrameworks/FamilyControls.framework/Versions/A/FamilyControls
0x00000000422d2000 	/System/Library/PrivateFrameworks/CommerceKit.framework/Versions/A/Frameworks/CommerceCore.framework/Versions/A/CommerceCore
0x00000000422d2000 	/System/Library/PrivateFrameworks/SystemAdministration.framework/Versions/A/SystemAdministration
0x00000000422d2000 	/System/Library/PrivateFrameworks/AppContainer.framework/Versions/A/AppContainer
0x00000000422d2000 	/System/Library/PrivateFrameworks/SecCodeWrapper.framework/Versions/A/SecCodeWrapper
0x00000000422d2000 	/System/Library/Frameworks/DirectoryService.framework/Versions/A/DirectoryService
0x00000000422d2000 	/System/Library/PrivateFrameworks/DiskImages.framework/Versions/A/DiskImages
0x00000000422d2000 	/System/Library/PrivateFrameworks/LoginUIKit.framework/Versions/A/Frameworks/LoginUICore.framework/Versions/A/LoginUICore
0x00000000422d2000 	/usr/lib/libCoreStorage.dylib
0x00000000422d2000 	/usr/lib/libcsfde.dylib
0x00000000422d2000 	/usr/lib/libodfde.dylib
0x00000000422d2000 	/System/Library/Frameworks/DiscRecording.framework/Versions/A/DiscRecording
0x00000000422d2000 	/usr/lib/libcurl.4.dylib
0x00000000422d2000 	/System/Library/PrivateFrameworks/MediaKit.framework/Versions/A/MediaKit
0x00000000422d2000 	/System/Library/PrivateFrameworks/ProtectedCloudStorage.framework/Versions/A/ProtectedCloudStorage
0x00000000422d2000 	/System/Library/PrivateFrameworks/EFILogin.framework/Versions/A/EFILogin
0x00000000422d2000 	/usr/lib/libutil.dylib
0x00000000422d2000 	/System/Library/Frameworks/LDAP.framework/Versions/A/LDAP
0x00000000422d2000 	/usr/lib/libsasl2.2.dylib
0x00000000422d2000 	/System/Library/PrivateFrameworks/CoreDaemon.framework/Versions/B/CoreDaemon
0x00000000422d2000 	/System/Library/PrivateFrameworks/AppleSRP.framework/Versions/A/AppleSRP
0x00000000422d2000 	/System/Library/PrivateFrameworks/APFS.framework/Versions/A/APFS
0x0000000126e6b000 	/Library/Internet Plug-Ins/JavaAppletPlugin.plugin/Contents/Home/lib/libfontmanager.dylib
0x00000001147e5000 	/Library/Internet Plug-Ins/JavaAppletPlugin.plugin/Contents/Home/lib/libosxui.dylib
0x0000000128697000 	/private/var/folders/sv/2ff4gg2s24s06dgxhmtf3fdh0000gp/T/libNetworkTablesJNI7033057583453175014.dylib
0x00000000422d2000 	/System/Library/PrivateFrameworks/ViewBridge.framework/Versions/A/ViewBridge
0x00000000422d2000 	/System/Library/PrivateFrameworks/XPCService.framework/Versions/A/XPCService
0x00000000422d2000 	/System/Library/PrivateFrameworks/AppSandbox.framework/Versions/A/AppSandbox
0x00000000422d2000 	/usr/lib/libsandbox.1.dylib
0x00000000422d2000 	/usr/lib/libMatch.1.dylib
0x0000000128bbf000 	/Library/Internet Plug-Ins/JavaAppletPlugin.plugin/Contents/Home/lib/libnet.dylib
0x0000000128bd6000 	/Library/Internet Plug-Ins/JavaAppletPlugin.plugin/Contents/Home/lib/libnio.dylib
0x00000000422d2000 	/System/Library/PrivateFrameworks/CloudDocs.framework/Versions/A/CloudDocs
0x00000000422d2000 	/System/Library/Frameworks/CloudKit.framework/Versions/A/CloudKit
0x00000000422d2000 	/System/Library/PrivateFrameworks/MMCS.framework/Versions/A/MMCS
0x00000000422d2000 	/System/Library/Frameworks/CoreLocation.framework/Versions/A/CoreLocation
0x00000000422d2000 	/System/Library/PrivateFrameworks/AssetCacheServices.framework/Versions/A/AssetCacheServices
0x00000000422d2000 	/System/Library/PrivateFrameworks/GeoServices.framework/Versions/A/GeoServices
0x000000015427f000 	/Library/Internet Plug-Ins/JavaAppletPlugin.plugin/Contents/Home/lib/libosx.dylib
0x0000000154682000 	/Library/Internet Plug-Ins/JavaAppletPlugin.plugin/Contents/Home/lib/libjpeg.dylib
0x000000015442d000 	/Library/Internet Plug-Ins/JavaAppletPlugin.plugin/Contents/Home/lib/libdcpr.dylib

VM Arguments:
java_command: /Users/Jiah/SmartDashboard/SmartDashboard.jar
java_class_path (initial): /Users/Jiah/SmartDashboard/SmartDashboard.jar
Launcher Type: SUN_STANDARD

Environment Variables:
PATH=/usr/bin:/bin:/usr/sbin:/sbin
SHELL=/bin/bash

Signal Handlers:
SIGSEGV: [libjvm.dylib+0x5b03ed], sa_mask[0]=11111111011111110111111111111111, sa_flags=SA_ONSTACK|SA_RESTART|SA_SIGINFO
SIGBUS: [libjvm.dylib+0x5b03ed], sa_mask[0]=11111111011111110111111111111111, sa_flags=SA_RESTART|SA_SIGINFO
SIGFPE: [libjvm.dylib+0x48711c], sa_mask[0]=11111111011111110111111111111111, sa_flags=SA_RESTART|SA_SIGINFO
SIGPIPE: [libjvm.dylib+0x48711c], sa_mask[0]=11111111011111110111111111111111, sa_flags=SA_RESTART|SA_SIGINFO
SIGXFSZ: [libjvm.dylib+0x48711c], sa_mask[0]=11111111011111110111111111111111, sa_flags=SA_RESTART|SA_SIGINFO
SIGILL: [libjvm.dylib+0x48711c], sa_mask[0]=11111111011111110111111111111111, sa_flags=SA_RESTART|SA_SIGINFO
SIGUSR1: SIG_DFL, sa_mask[0]=00000000000000000000000000000000, sa_flags=none
SIGUSR2: [libjvm.dylib+0x486c3a], sa_mask[0]=00000000000000000000000000000000, sa_flags=SA_RESTART|SA_SIGINFO
SIGHUP: [libjvm.dylib+0x485211], sa_mask[0]=11111111011111110111111111111111, sa_flags=SA_RESTART|SA_SIGINFO
SIGINT: [libjvm.dylib+0x485211], sa_mask[0]=11111111011111110111111111111111, sa_flags=SA_RESTART|SA_SIGINFO
SIGTERM: [libjvm.dylib+0x485211], sa_mask[0]=11111111011111110111111111111111, sa_flags=SA_RESTART|SA_SIGINFO
SIGQUIT: [libjvm.dylib+0x485211], sa_mask[0]=11111111011111110111111111111111, sa_flags=SA_RESTART|SA_SIGINFO


---------------  S Y S T E M  ---------------

OS:Bsduname:Darwin 16.4.0 Darwin Kernel Version 16.4.0: Thu Dec 22 22:53:21 PST 2016; root:xnu-3789.41.3~3/RELEASE_X86_64 x86_64
rlimit: STACK 8192k, CORE 0k, NPROC 709, NOFILE 10240, AS infinity
load average:2.14 1.93 1.84

CPU:total 4 (2 cores per cpu, 2 threads per core) family 6 model 69 stepping 1, cmov, cx8, fxsr, mmx, sse, sse2, sse3, ssse3, sse4.1, sse4.2, popcnt, avx, avx2, aes, clmul, erms, lzcnt, ht, tsc, tscinvbit, bmi1, bmi2

Memory: 4k page, physical 16777216k(1242488k free)

/proc/meminfo:


vm_info: Java HotSpot(TM) 64-Bit Server VM (25.111-b14) for bsd-amd64 JRE (1.8.0_111-b14), built on Sep 22 2016 15:31:41 by "java_re" with gcc 4.2.1 (Based on Apple Inc. build 5658) (LLVM build 2336.11.00)

time: Sun Mar  5 15:43:11 2017
elapsed time: 14275 seconds (0d 3h 57m 55s)

